[20:02:14.193] Global cache location '/Users/thanhnguyen/Library/Caches/typescript/4.6', safe file path '/users/thanhnguyen/padporeact/stop-watch-app/node_modules/typescript/lib/typingsafelist.json', types map path /users/thanhnguyen/padporeact/stop-watch-app/node_modules/typescript/lib/typesmap.json
[20:02:14.194] Processing cache location '/Users/thanhnguyen/Library/Caches/typescript/4.6'
[20:02:14.195] Trying to find '/Users/thanhnguyen/Library/Caches/typescript/4.6/package.json'...
[20:02:14.197] Loaded content of '/Users/thanhnguyen/Library/Caches/typescript/4.6/package.json': {"private":true,"dependencies":{"types-registry":"^0.1.588"},"devDependencies":{"@types/babel__core":"^7.1.19","@types/babel__plugin-transform-runtime":"^7.9.2","@types/babel__preset-env":"^7.9.2","@types/braintree-web":"^3.75.19","@types/braintree-web-drop-in":"^1.22.4","@types/chai":"^4.3.0","@types/chart.js":"^2.9.36","@types/cli-progress":"^3.9.2","@types/core-js":"^2.5.5","@types/create-react-class":"^15.6.3","@types/crypto-js":"^4.1.1","@types/d3":"^7.1.0","@types/dagre":"^0.7.47","@types/debug":"^4.1.7","@types/decode-uri-component":"^0.2.0","@types/device-uuid":"^1.0.0","@types/downloadjs":"^1.4.3","@types/enzyme":"^3.10.12","@types/enzyme-adapter-react-16":"^1.0.6","@types/enzyme-to-json":"^1.5.4","@types/eslint":"^8.4.1","@types/eslint-config-prettier":"^6.11.0","@types/eslint-plugin-prettier":"^3.1.0","@types/extend":"^3.0.1","@types/fbjs":"^3.0.2","@types/file-saver":"^2.0.5","@types/flat":"^5.0.2","@types/google-libphonenumber":"^7.4.23","@types/http-server":"^0.12.1","@types/inquirer":"^8.2.1","@types/inquirer-autocomplete-prompt":"^1.3.4","@types/intl":"^1.2.0","@types/intro.js":"^3.0.2","@types/invariant":"^2.2.35","@types/is-url":"^1.2.30","@types/jest":"^27.4.1","@types/jquery":"^3.5.14","@types/js-cookie":"^3.0.1","@types/jsdom":"^16.2.14","@types/linkify-it":"^3.0.2","@types/lodash":"^4.14.181","@types/lolex":"^5.1.2","@types/madge":"^5.0.0","@types/marked":"^4.0.3","@types/match-media-mock":"^0.1.6","@types/no-scroll":"^2.1.0","@types/node-emoji":"^1.8.1","@types/node-uuid":"^0.0.29","@types/notify":"^0.0.31","@types/object-assign":"^4.0.30","@types/pathfinding":"^0.0.5","@types/pluralize":"^0.0.29","@types/prettier":"^2.6.0","@types/prop-types":"^15.7.5","@types/qrcode.react":"^1.0.2","@types/qs":"^6.9.7","@types/raf":"^3.4.0","@types/raf-schd":"^4.0.1","@types/rc-tooltip":"^3.7.6","@types/react":"^18.0.3","@types/react-async-script":"^1.2.1","@types/react-beautiful-dnd":"^13.1.2","@types/react-collapse":"^5.0.1","@types/react-custom-scrollbars":"^4.0.10","@types/react-datepicker":"^4.4.0","@types/react-devtools":"^3.6.0","@types/react-dom":"^18.0.0","@types/react-flag-icon-css":"^1.0.5","@types/react-google-recaptcha":"^2.1.5","@types/react-helmet":"^6.1.5","@types/react-highlight-words":"^0.16.4","@types/react-immutable-proptypes":"^2.1.0","@types/react-input-autosize":"^2.2.1","@types/react-loadable":"^5.5.6","@types/react-mentions":"^4.1.6","@types/react-modal":"^3.13.1","@types/react-motion":"^0.0.32","@types/react-native":"^0.67.3","@types/react-native-communications":"^2.2.1","@types/react-native-html-to-pdf":"^0.8.1","@types/react-native-htmlview":"^0.16.0","@types/react-native-keyboard-spacer":"^0.4.2","@types/react-native-photo-view":"^1.5.4","@types/react-native-share":"^3.3.3","@types/react-native-vector-icons":"^6.4.10","@types/react-paginate":"^7.1.1","@types/react-pdf":"^5.0.9","@types/react-redux":"^7.1.23","@types/react-responsive":"^8.0.5","@types/react-router-dom":"^5.3.3","@types/react-scroll":"^1.8.3","@types/react-side-effect":"^1.1.1","@types/react-slick":"^0.23.8","@types/react-table":"^7.7.10","@types/react-tagsinput":"^3.19.9","@types/react-test-renderer":"^18.0.0","@types/react-textarea-autosize":"^4.3.6","@types/react-transition-group":"^4.4.4","@types/recharts":"^1.8.23","@types/recompose":"^0.30.10","@types/redux-actions":"^2.6.2","@types/redux-form":"^8.3.3","@types/redux-mock-store":"^1.0.3","@types/reflexbox":"^4.0.4","@types/regenerator-runtime":"^0.13.1","@types/rn-fetch-blob":"^1.2.3","@types/shallowequal":"^1.1.1","@types/sinon":"^10.0.11","@types/slate":"^0.47.11","@types/slate-base64-serializer":"^0.2.2","@types/slate-html-serializer":"^0.6.5","@types/slate-plain-serializer":"^0.7.2","@types/slick-carousel":"^1.6.37","@types/strict-uri-encode":"^2.0.0","@types/styled-components":"^5.1.25","@types/testing-library__jest-dom":"^5.14.3","@types/url-parse":"^1.4.8","@types/validator":"^13.7.1","@types/warning":"^3.0.0","@types/youtube-player":"^5.5.5"}}
[20:02:14.197] Loaded content of '/Users/thanhnguyen/Library/Caches/typescript/4.6/package-lock.json'
[20:02:14.209] Adding entry into typings cache: 'babel__core' => '/Users/thanhnguyen/Library/Caches/typescript/4.6/node_modules/@types/babel__core/index.d.ts'
[20:02:14.211] Adding entry into typings cache: 'babel__plugin-transform-runtime' => '/Users/thanhnguyen/Library/Caches/typescript/4.6/node_modules/@types/babel__plugin-transform-runtime/index.d.ts'
[20:02:14.213] Adding entry into typings cache: 'babel__preset-env' => '/Users/thanhnguyen/Library/Caches/typescript/4.6/node_modules/@types/babel__preset-env/index.d.ts'
[20:02:14.216] Adding entry into typings cache: 'braintree-web' => '/Users/thanhnguyen/Library/Caches/typescript/4.6/node_modules/@types/braintree-web/index.d.ts'
[20:02:14.220] Adding entry into typings cache: 'braintree-web-drop-in' => '/Users/thanhnguyen/Library/Caches/typescript/4.6/node_modules/@types/braintree-web-drop-in/index.d.ts'
[20:02:14.223] Adding entry into typings cache: 'chai' => '/Users/thanhnguyen/Library/Caches/typescript/4.6/node_modules/@types/chai/index.d.ts'
[20:02:14.231] Adding entry into typings cache: 'chart.js' => '/Users/thanhnguyen/Library/Caches/typescript/4.6/node_modules/@types/chart.js/index.d.ts'
[20:02:14.233] Adding entry into typings cache: 'cli-progress' => '/Users/thanhnguyen/Library/Caches/typescript/4.6/node_modules/@types/cli-progress/index.d.ts'
[20:02:14.236] Adding entry into typings cache: 'core-js' => '/Users/thanhnguyen/Library/Caches/typescript/4.6/node_modules/@types/core-js/index.d.ts'
[20:02:14.240] Adding entry into typings cache: 'create-react-class' => '/Users/thanhnguyen/Library/Caches/typescript/4.6/node_modules/@types/create-react-class/index.d.ts'
[20:02:14.243] Adding entry into typings cache: 'crypto-js' => '/Users/thanhnguyen/Library/Caches/typescript/4.6/node_modules/@types/crypto-js/index.d.ts'
[20:02:14.246] Adding entry into typings cache: 'd3' => '/Users/thanhnguyen/Library/Caches/typescript/4.6/node_modules/@types/d3/index.d.ts'
[20:02:14.248] Adding entry into typings cache: 'dagre' => '/Users/thanhnguyen/Library/Caches/typescript/4.6/node_modules/@types/dagre/index.d.ts'
[20:02:14.251] Adding entry into typings cache: 'debug' => '/Users/thanhnguyen/Library/Caches/typescript/4.6/node_modules/@types/debug/index.d.ts'
[20:02:14.253] Adding entry into typings cache: 'decode-uri-component' => '/Users/thanhnguyen/Library/Caches/typescript/4.6/node_modules/@types/decode-uri-component/index.d.ts'
[20:02:14.255] Adding entry into typings cache: 'device-uuid' => '/Users/thanhnguyen/Library/Caches/typescript/4.6/node_modules/@types/device-uuid/index.d.ts'
[20:02:14.256] Adding entry into typings cache: 'downloadjs' => '/Users/thanhnguyen/Library/Caches/typescript/4.6/node_modules/@types/downloadjs/index.d.ts'
[20:02:14.259] Adding entry into typings cache: 'enzyme' => '/Users/thanhnguyen/Library/Caches/typescript/4.6/node_modules/@types/enzyme/index.d.ts'
[20:02:14.261] Adding entry into typings cache: 'enzyme-adapter-react-16' => '/Users/thanhnguyen/Library/Caches/typescript/4.6/node_modules/@types/enzyme-adapter-react-16/index.d.ts'
[20:02:14.263] Adding entry into typings cache: 'enzyme-to-json' => '/Users/thanhnguyen/Library/Caches/typescript/4.6/node_modules/@types/enzyme-to-json/index.d.ts'
[20:02:14.266] Adding entry into typings cache: 'eslint' => '/Users/thanhnguyen/Library/Caches/typescript/4.6/node_modules/@types/eslint/index.d.ts'
[20:02:14.268] Adding entry into typings cache: 'eslint-config-prettier' => '/Users/thanhnguyen/Library/Caches/typescript/4.6/node_modules/@types/eslint-config-prettier/index.d.ts'
[20:02:14.269] Adding entry into typings cache: 'eslint-plugin-prettier' => '/Users/thanhnguyen/Library/Caches/typescript/4.6/node_modules/@types/eslint-plugin-prettier/index.d.ts'
[20:02:14.271] Adding entry into typings cache: 'extend' => '/Users/thanhnguyen/Library/Caches/typescript/4.6/node_modules/@types/extend/index.d.ts'
[20:02:14.273] Adding entry into typings cache: 'fbjs' => '/Users/thanhnguyen/Library/Caches/typescript/4.6/node_modules/@types/fbjs/index.d.ts'
[20:02:14.276] Adding entry into typings cache: 'file-saver' => '/Users/thanhnguyen/Library/Caches/typescript/4.6/node_modules/@types/file-saver/index.d.ts'
[20:02:14.278] Adding entry into typings cache: 'flat' => '/Users/thanhnguyen/Library/Caches/typescript/4.6/node_modules/@types/flat/index.d.ts'
[20:02:14.280] Adding entry into typings cache: 'google-libphonenumber' => '/Users/thanhnguyen/Library/Caches/typescript/4.6/node_modules/@types/google-libphonenumber/index.d.ts'
[20:02:14.282] Adding entry into typings cache: 'http-server' => '/Users/thanhnguyen/Library/Caches/typescript/4.6/node_modules/@types/http-server/index.d.ts'
[20:02:14.284] Adding entry into typings cache: 'inquirer' => '/Users/thanhnguyen/Library/Caches/typescript/4.6/node_modules/@types/inquirer/index.d.ts'
[20:02:14.285] Adding entry into typings cache: 'inquirer-autocomplete-prompt' => '/Users/thanhnguyen/Library/Caches/typescript/4.6/node_modules/@types/inquirer-autocomplete-prompt/index.d.ts'
[20:02:14.287] Adding entry into typings cache: 'intl' => '/Users/thanhnguyen/Library/Caches/typescript/4.6/node_modules/@types/intl/index.d.ts'
[20:02:14.289] Adding entry into typings cache: 'intro.js' => '/Users/thanhnguyen/Library/Caches/typescript/4.6/node_modules/@types/intro.js/index.d.ts'
[20:02:14.290] Adding entry into typings cache: 'invariant' => '/Users/thanhnguyen/Library/Caches/typescript/4.6/node_modules/@types/invariant/index.d.ts'
[20:02:14.292] Adding entry into typings cache: 'is-url' => '/Users/thanhnguyen/Library/Caches/typescript/4.6/node_modules/@types/is-url/index.d.ts'
[20:02:14.297] Adding entry into typings cache: 'jest' => '/Users/thanhnguyen/Library/Caches/typescript/4.6/node_modules/@types/jest/index.d.ts'
[20:02:14.301] Adding entry into typings cache: 'jquery' => '/Users/thanhnguyen/Library/Caches/typescript/4.6/node_modules/@types/jquery/index.d.ts'
[20:02:14.303] Adding entry into typings cache: 'js-cookie' => '/Users/thanhnguyen/Library/Caches/typescript/4.6/node_modules/@types/js-cookie/index.d.ts'
[20:02:14.305] Adding entry into typings cache: 'jsdom' => '/Users/thanhnguyen/Library/Caches/typescript/4.6/node_modules/@types/jsdom/index.d.ts'
[20:02:14.307] Adding entry into typings cache: 'linkify-it' => '/Users/thanhnguyen/Library/Caches/typescript/4.6/node_modules/@types/linkify-it/index.d.ts'
[20:02:14.309] Adding entry into typings cache: 'lodash' => '/Users/thanhnguyen/Library/Caches/typescript/4.6/node_modules/@types/lodash/index.d.ts'
[20:02:14.310] Adding entry into typings cache: 'lolex' => '/Users/thanhnguyen/Library/Caches/typescript/4.6/node_modules/@types/lolex/index.d.ts'
[20:02:14.312] Adding entry into typings cache: 'madge' => '/Users/thanhnguyen/Library/Caches/typescript/4.6/node_modules/@types/madge/index.d.ts'
[20:02:14.314] Adding entry into typings cache: 'marked' => '/Users/thanhnguyen/Library/Caches/typescript/4.6/node_modules/@types/marked/index.d.ts'
[20:02:14.316] Adding entry into typings cache: 'match-media-mock' => '/Users/thanhnguyen/Library/Caches/typescript/4.6/node_modules/@types/match-media-mock/index.d.ts'
[20:02:14.317] Adding entry into typings cache: 'no-scroll' => '/Users/thanhnguyen/Library/Caches/typescript/4.6/node_modules/@types/no-scroll/index.d.ts'
[20:02:14.320] Adding entry into typings cache: 'node-emoji' => '/Users/thanhnguyen/Library/Caches/typescript/4.6/node_modules/@types/node-emoji/index.d.ts'
[20:02:14.321] Adding entry into typings cache: 'node-uuid' => '/Users/thanhnguyen/Library/Caches/typescript/4.6/node_modules/@types/node-uuid/index.d.ts'
[20:02:14.322] Adding entry into typings cache: 'notify' => '/Users/thanhnguyen/Library/Caches/typescript/4.6/node_modules/@types/notify/index.d.ts'
[20:02:14.323] Adding entry into typings cache: 'object-assign' => '/Users/thanhnguyen/Library/Caches/typescript/4.6/node_modules/@types/object-assign/index.d.ts'
[20:02:14.324] Adding entry into typings cache: 'pathfinding' => '/Users/thanhnguyen/Library/Caches/typescript/4.6/node_modules/@types/pathfinding/index.d.ts'
[20:02:14.325] Adding entry into typings cache: 'pluralize' => '/Users/thanhnguyen/Library/Caches/typescript/4.6/node_modules/@types/pluralize/index.d.ts'
[20:02:14.327] Adding entry into typings cache: 'prettier' => '/Users/thanhnguyen/Library/Caches/typescript/4.6/node_modules/@types/prettier/index.d.ts'
[20:02:14.328] Adding entry into typings cache: 'prop-types' => '/Users/thanhnguyen/Library/Caches/typescript/4.6/node_modules/@types/prop-types/index.d.ts'
[20:02:14.329] Adding entry into typings cache: 'qrcode.react' => '/Users/thanhnguyen/Library/Caches/typescript/4.6/node_modules/@types/qrcode.react/index.d.ts'
[20:02:14.331] Adding entry into typings cache: 'qs' => '/Users/thanhnguyen/Library/Caches/typescript/4.6/node_modules/@types/qs/index.d.ts'
[20:02:14.333] Adding entry into typings cache: 'raf' => '/Users/thanhnguyen/Library/Caches/typescript/4.6/node_modules/@types/raf/index.d.ts'
[20:02:14.335] Adding entry into typings cache: 'raf-schd' => '/Users/thanhnguyen/Library/Caches/typescript/4.6/node_modules/@types/raf-schd/index.d.ts'
[20:02:14.337] Adding entry into typings cache: 'rc-tooltip' => '/Users/thanhnguyen/Library/Caches/typescript/4.6/node_modules/@types/rc-tooltip/index.d.ts'
[20:02:14.340] Adding entry into typings cache: 'react' => '/Users/thanhnguyen/Library/Caches/typescript/4.6/node_modules/@types/react/index.d.ts'
[20:02:14.341] Adding entry into typings cache: 'react-async-script' => '/Users/thanhnguyen/Library/Caches/typescript/4.6/node_modules/@types/react-async-script/index.d.ts'
[20:02:14.344] Adding entry into typings cache: 'react-beautiful-dnd' => '/Users/thanhnguyen/Library/Caches/typescript/4.6/node_modules/@types/react-beautiful-dnd/index.d.ts'
[20:02:14.348] Adding entry into typings cache: 'react-collapse' => '/Users/thanhnguyen/Library/Caches/typescript/4.6/node_modules/@types/react-collapse/index.d.ts'
[20:02:14.349] Adding entry into typings cache: 'react-custom-scrollbars' => '/Users/thanhnguyen/Library/Caches/typescript/4.6/node_modules/@types/react-custom-scrollbars/index.d.ts'
[20:02:14.350] Adding entry into typings cache: 'react-datepicker' => '/Users/thanhnguyen/Library/Caches/typescript/4.6/node_modules/@types/react-datepicker/index.d.ts'
[20:02:14.351] Adding entry into typings cache: 'react-devtools' => '/Users/thanhnguyen/Library/Caches/typescript/4.6/node_modules/@types/react-devtools/index.d.ts'
[20:02:14.352] Adding entry into typings cache: 'react-dom' => '/Users/thanhnguyen/Library/Caches/typescript/4.6/node_modules/@types/react-dom/index.d.ts'
[20:02:14.353] Adding entry into typings cache: 'react-flag-icon-css' => '/Users/thanhnguyen/Library/Caches/typescript/4.6/node_modules/@types/react-flag-icon-css/index.d.ts'
[20:02:14.355] Adding entry into typings cache: 'react-google-recaptcha' => '/Users/thanhnguyen/Library/Caches/typescript/4.6/node_modules/@types/react-google-recaptcha/index.d.ts'
[20:02:14.356] Adding entry into typings cache: 'react-helmet' => '/Users/thanhnguyen/Library/Caches/typescript/4.6/node_modules/@types/react-helmet/index.d.ts'
[20:02:14.357] Adding entry into typings cache: 'react-highlight-words' => '/Users/thanhnguyen/Library/Caches/typescript/4.6/node_modules/@types/react-highlight-words/index.d.ts'
[20:02:14.358] Adding entry into typings cache: 'react-immutable-proptypes' => '/Users/thanhnguyen/Library/Caches/typescript/4.6/node_modules/@types/react-immutable-proptypes/index.d.ts'
[20:02:14.359] Adding entry into typings cache: 'react-input-autosize' => '/Users/thanhnguyen/Library/Caches/typescript/4.6/node_modules/@types/react-input-autosize/index.d.ts'
[20:02:14.361] Adding entry into typings cache: 'react-loadable' => '/Users/thanhnguyen/Library/Caches/typescript/4.6/node_modules/@types/react-loadable/index.d.ts'
[20:02:14.362] Adding entry into typings cache: 'react-mentions' => '/Users/thanhnguyen/Library/Caches/typescript/4.6/node_modules/@types/react-mentions/index.d.ts'
[20:02:14.364] Adding entry into typings cache: 'react-modal' => '/Users/thanhnguyen/Library/Caches/typescript/4.6/node_modules/@types/react-modal/index.d.ts'
[20:02:14.365] Adding entry into typings cache: 'react-motion' => '/Users/thanhnguyen/Library/Caches/typescript/4.6/node_modules/@types/react-motion/index.d.ts'
[20:02:14.367] Adding entry into typings cache: 'react-native' => '/Users/thanhnguyen/Library/Caches/typescript/4.6/node_modules/@types/react-native/index.d.ts'
[20:02:14.367] Adding entry into typings cache: 'react-native-communications' => '/Users/thanhnguyen/Library/Caches/typescript/4.6/node_modules/@types/react-native-communications/index.d.ts'
[20:02:14.368] Adding entry into typings cache: 'react-native-html-to-pdf' => '/Users/thanhnguyen/Library/Caches/typescript/4.6/node_modules/@types/react-native-html-to-pdf/index.d.ts'
[20:02:14.369] Adding entry into typings cache: 'react-native-htmlview' => '/Users/thanhnguyen/Library/Caches/typescript/4.6/node_modules/@types/react-native-htmlview/index.d.ts'
[20:02:14.370] Adding entry into typings cache: 'react-native-keyboard-spacer' => '/Users/thanhnguyen/Library/Caches/typescript/4.6/node_modules/@types/react-native-keyboard-spacer/index.d.ts'
[20:02:14.371] Adding entry into typings cache: 'react-native-photo-view' => '/Users/thanhnguyen/Library/Caches/typescript/4.6/node_modules/@types/react-native-photo-view/index.d.ts'
[20:02:14.372] Adding entry into typings cache: 'react-native-share' => '/Users/thanhnguyen/Library/Caches/typescript/4.6/node_modules/@types/react-native-share/index.d.ts'
[20:02:14.372] Adding entry into typings cache: 'react-native-vector-icons' => '/Users/thanhnguyen/Library/Caches/typescript/4.6/node_modules/@types/react-native-vector-icons/index.d.ts'
[20:02:14.373] Adding entry into typings cache: 'react-paginate' => '/Users/thanhnguyen/Library/Caches/typescript/4.6/node_modules/@types/react-paginate/index.d.ts'
[20:02:14.374] Adding entry into typings cache: 'react-pdf' => '/Users/thanhnguyen/Library/Caches/typescript/4.6/node_modules/@types/react-pdf/index.d.ts'
[20:02:14.376] Adding entry into typings cache: 'react-redux' => '/Users/thanhnguyen/Library/Caches/typescript/4.6/node_modules/@types/react-redux/index.d.ts'
[20:02:14.377] Adding entry into typings cache: 'react-responsive' => '/Users/thanhnguyen/Library/Caches/typescript/4.6/node_modules/@types/react-responsive/index.d.ts'
[20:02:14.379] Adding entry into typings cache: 'react-router-dom' => '/Users/thanhnguyen/Library/Caches/typescript/4.6/node_modules/@types/react-router-dom/index.d.ts'
[20:02:14.380] Adding entry into typings cache: 'react-scroll' => '/Users/thanhnguyen/Library/Caches/typescript/4.6/node_modules/@types/react-scroll/index.d.ts'
[20:02:14.381] Adding entry into typings cache: 'react-side-effect' => '/Users/thanhnguyen/Library/Caches/typescript/4.6/node_modules/@types/react-side-effect/index.d.ts'
[20:02:14.383] Adding entry into typings cache: 'react-slick' => '/Users/thanhnguyen/Library/Caches/typescript/4.6/node_modules/@types/react-slick/index.d.ts'
[20:02:14.385] Adding entry into typings cache: 'react-table' => '/Users/thanhnguyen/Library/Caches/typescript/4.6/node_modules/@types/react-table/index.d.ts'
[20:02:14.386] Adding entry into typings cache: 'react-tagsinput' => '/Users/thanhnguyen/Library/Caches/typescript/4.6/node_modules/@types/react-tagsinput/index.d.ts'
[20:02:14.387] Adding entry into typings cache: 'react-test-renderer' => '/Users/thanhnguyen/Library/Caches/typescript/4.6/node_modules/@types/react-test-renderer/index.d.ts'
[20:02:14.388] Adding entry into typings cache: 'react-textarea-autosize' => '/Users/thanhnguyen/Library/Caches/typescript/4.6/node_modules/@types/react-textarea-autosize/index.d.ts'
[20:02:14.389] Adding entry into typings cache: 'react-transition-group' => '/Users/thanhnguyen/Library/Caches/typescript/4.6/node_modules/@types/react-transition-group/index.d.ts'
[20:02:14.391] Adding entry into typings cache: 'recharts' => '/Users/thanhnguyen/Library/Caches/typescript/4.6/node_modules/@types/recharts/index.d.ts'
[20:02:14.392] Adding entry into typings cache: 'recompose' => '/Users/thanhnguyen/Library/Caches/typescript/4.6/node_modules/@types/recompose/index.d.ts'
[20:02:14.394] Adding entry into typings cache: 'redux-actions' => '/Users/thanhnguyen/Library/Caches/typescript/4.6/node_modules/@types/redux-actions/index.d.ts'
[20:02:14.395] Adding entry into typings cache: 'redux-form' => '/Users/thanhnguyen/Library/Caches/typescript/4.6/node_modules/@types/redux-form/index.d.ts'
[20:02:14.396] Adding entry into typings cache: 'redux-mock-store' => '/Users/thanhnguyen/Library/Caches/typescript/4.6/node_modules/@types/redux-mock-store/index.d.ts'
[20:02:14.397] Adding entry into typings cache: 'reflexbox' => '/Users/thanhnguyen/Library/Caches/typescript/4.6/node_modules/@types/reflexbox/index.d.ts'
[20:02:14.399] Adding entry into typings cache: 'regenerator-runtime' => '/Users/thanhnguyen/Library/Caches/typescript/4.6/node_modules/@types/regenerator-runtime/index.d.ts'
[20:02:14.400] Adding entry into typings cache: 'rn-fetch-blob' => '/Users/thanhnguyen/Library/Caches/typescript/4.6/node_modules/@types/rn-fetch-blob/index.d.ts'
[20:02:14.401] Adding entry into typings cache: 'shallowequal' => '/Users/thanhnguyen/Library/Caches/typescript/4.6/node_modules/@types/shallowequal/index.d.ts'
[20:02:14.403] Adding entry into typings cache: 'sinon' => '/Users/thanhnguyen/Library/Caches/typescript/4.6/node_modules/@types/sinon/index.d.ts'
[20:02:14.404] Adding entry into typings cache: 'slate' => '/Users/thanhnguyen/Library/Caches/typescript/4.6/node_modules/@types/slate/index.d.ts'
[20:02:14.405] Adding entry into typings cache: 'slate-base64-serializer' => '/Users/thanhnguyen/Library/Caches/typescript/4.6/node_modules/@types/slate-base64-serializer/index.d.ts'
[20:02:14.407] Adding entry into typings cache: 'slate-html-serializer' => '/Users/thanhnguyen/Library/Caches/typescript/4.6/node_modules/@types/slate-html-serializer/index.d.ts'
[20:02:14.407] Adding entry into typings cache: 'slate-plain-serializer' => '/Users/thanhnguyen/Library/Caches/typescript/4.6/node_modules/@types/slate-plain-serializer/index.d.ts'
[20:02:14.408] Adding entry into typings cache: 'slick-carousel' => '/Users/thanhnguyen/Library/Caches/typescript/4.6/node_modules/@types/slick-carousel/index.d.ts'
[20:02:14.409] Adding entry into typings cache: 'strict-uri-encode' => '/Users/thanhnguyen/Library/Caches/typescript/4.6/node_modules/@types/strict-uri-encode/index.d.ts'
[20:02:14.410] Adding entry into typings cache: 'styled-components' => '/Users/thanhnguyen/Library/Caches/typescript/4.6/node_modules/@types/styled-components/index.d.ts'
[20:02:14.411] Adding entry into typings cache: 'testing-library__jest-dom' => '/Users/thanhnguyen/Library/Caches/typescript/4.6/node_modules/@types/testing-library__jest-dom/index.d.ts'
[20:02:14.412] Adding entry into typings cache: 'url-parse' => '/Users/thanhnguyen/Library/Caches/typescript/4.6/node_modules/@types/url-parse/index.d.ts'
[20:02:14.412] Adding entry into typings cache: 'validator' => '/Users/thanhnguyen/Library/Caches/typescript/4.6/node_modules/@types/validator/index.d.ts'
[20:02:14.414] Adding entry into typings cache: 'warning' => '/Users/thanhnguyen/Library/Caches/typescript/4.6/node_modules/@types/warning/index.d.ts'
[20:02:14.415] Adding entry into typings cache: 'youtube-player' => '/Users/thanhnguyen/Library/Caches/typescript/4.6/node_modules/@types/youtube-player/index.d.ts'
[20:02:14.415] Finished processing cache location '/Users/thanhnguyen/Library/Caches/typescript/4.6'
[20:02:14.415] Process id: 43146
[20:02:14.415] NPM location: /Users/thanhnguyen/.nvm/versions/node/v12.22.1/bin/npm (explicit '--npmLocation' not  provided)
[20:02:14.416] validateDefaultNpmLocation: false
[20:02:14.416] Npm config file: /Users/thanhnguyen/Library/Caches/typescript/4.6/package.json
[20:02:14.416] Updating types-registry npm package...
[20:02:14.416] Exec: /Users/thanhnguyen/.nvm/versions/node/v12.22.1/bin/npm install --ignore-scripts types-registry@latest
[20:02:15.648]     Succeeded. stdout:
    
    up to date, audited 281 packages in 1s

12 packages are looking for funding
  run `npm fund` for details

1 high severity vulnerability

To address all issues, run:
  npm audit fix

Run `npm audit` for details.

[20:02:15.648] Updated types-registry npm package
