Info 0    [20:02:13.973] Starting TS Server
Info 1    [20:02:13.984] Version: 4.6.3
Info 2    [20:02:13.984] Arguments: /Users/thanhnguyen/.nvm/versions/node/v12.22.1/bin/node /Users/thanhnguyen/PaDPoReact/stop-watch-app/node_modules/typescript/lib/tsserver.js --logFile /Users/thanhnguyen/PaDPoReact/stop-watch-app/.log/tsserver.log --logVerbosity info --cancellationPipeName /private/var/folders/w8/cx1wd6s978j21n7r6pph1zwm0000gn/T/9aa4a539a679ca830411527222e82ba3/tscancellation*
Info 3    [20:02:13.984] Platform: darwin NodeVersion: 12 CaseSensitive: false
Info 4    [20:02:13.984] ServerMode: undefined syntaxOnly: false hasUnknownServerMode: undefined
Info 5    [20:02:13.997] Format host information updated
Info 6    [20:02:14.005] Search path: /Users/thanhnguyen/PaDPoReact/stop-watch-app/src
Info 7    [20:02:14.007] For info: /Users/thanhnguyen/PaDPoReact/stop-watch-app/src/StopWatchInitial.tsx :: Config file name: /Users/thanhnguyen/PaDPoReact/stop-watch-app/tsconfig.json
Info 8    [20:02:14.007] Creating configuration project /Users/thanhnguyen/PaDPoReact/stop-watch-app/tsconfig.json
Info 9    [20:02:14.025] Config: /Users/thanhnguyen/PaDPoReact/stop-watch-app/tsconfig.json : {
 "rootNames": [
  "/Users/thanhnguyen/PaDPoReact/stop-watch-app/src/App.test.tsx",
  "/Users/thanhnguyen/PaDPoReact/stop-watch-app/src/App.tsx",
  "/Users/thanhnguyen/PaDPoReact/stop-watch-app/src/StopWatchInitial.tsx",
  "/Users/thanhnguyen/PaDPoReact/stop-watch-app/src/index.tsx",
  "/Users/thanhnguyen/PaDPoReact/stop-watch-app/src/react-app-env.d.ts",
  "/Users/thanhnguyen/PaDPoReact/stop-watch-app/src/reportWebVitals.ts",
  "/Users/thanhnguyen/PaDPoReact/stop-watch-app/src/setupTests.ts"
 ],
 "options": {
  "target": 1,
  "lib": [
   "lib.dom.d.ts",
   "lib.dom.iterable.d.ts",
   "lib.esnext.d.ts"
  ],
  "allowJs": true,
  "skipLibCheck": true,
  "esModuleInterop": true,
  "allowSyntheticDefaultImports": true,
  "strict": true,
  "forceConsistentCasingInFileNames": true,
  "noFallthroughCasesInSwitch": true,
  "module": 99,
  "moduleResolution": 2,
  "resolveJsonModule": true,
  "isolatedModules": true,
  "noEmit": true,
  "jsx": 4,
  "configFilePath": "/Users/thanhnguyen/PaDPoReact/stop-watch-app/tsconfig.json"
 }
}
Info 10   [20:02:14.089] Starting updateGraphWorker: Project: /Users/thanhnguyen/PaDPoReact/stop-watch-app/tsconfig.json
Info 11   [20:02:16.009] Finishing updateGraphWorker: Project: /Users/thanhnguyen/PaDPoReact/stop-watch-app/tsconfig.json Version: 1 structureChanged: true structureIsReused:: Not Elapsed: 1920.1059829965234ms
Info 12   [20:02:16.009] Project '/Users/thanhnguyen/PaDPoReact/stop-watch-app/tsconfig.json' (Configured)
Info 13   [20:02:16.009] 	Files (196)

Info 14   [20:02:16.009] -----------------------------------------------
Info 15   [20:02:16.022] AutoImportProviderProject: found 2 root files in 2 dependencies in 10.397656001150608 ms
Info 16   [20:02:16.023] Starting updateGraphWorker: Project: /dev/null/autoImportProviderProject1*
Info 17   [20:02:16.206] Finishing updateGraphWorker: Project: /dev/null/autoImportProviderProject1* Version: 1 structureChanged: true structureIsReused:: Not Elapsed: 182.92098999768496ms
Info 18   [20:02:16.218] Project '/dev/null/autoImportProviderProject1*' (AutoImportProvider)
Info 19   [20:02:16.218] 	Files (40)

Info 20   [20:02:16.218] -----------------------------------------------
Info 21   [20:30:26.281] Starting updateGraphWorker: Project: /Users/thanhnguyen/PaDPoReact/stop-watch-app/tsconfig.json
Info 22   [20:30:26.313] Finishing updateGraphWorker: Project: /Users/thanhnguyen/PaDPoReact/stop-watch-app/tsconfig.json Version: 2 structureChanged: false structureIsReused:: Completely Elapsed: 31.51571200042963ms
Info 23   [20:30:26.313] Different program with same set of files
Info 24   [20:30:26.339] Starting updateGraphWorker: Project: /Users/thanhnguyen/PaDPoReact/stop-watch-app/tsconfig.json
Info 25   [20:30:26.354] Finishing updateGraphWorker: Project: /Users/thanhnguyen/PaDPoReact/stop-watch-app/tsconfig.json Version: 3 structureChanged: false structureIsReused:: Completely Elapsed: 14.965167000889778ms
Info 26   [20:30:26.354] Different program with same set of files
Info 27   [20:30:27.565] Starting updateGraphWorker: Project: /Users/thanhnguyen/PaDPoReact/stop-watch-app/tsconfig.json
Info 28   [20:30:27.574] Finishing updateGraphWorker: Project: /Users/thanhnguyen/PaDPoReact/stop-watch-app/tsconfig.json Version: 4 structureChanged: false structureIsReused:: Completely Elapsed: 9.100660994648933ms
Info 29   [20:30:27.574] Different program with same set of files
Info 30   [20:30:30.709] Starting updateGraphWorker: Project: /Users/thanhnguyen/PaDPoReact/stop-watch-app/tsconfig.json
Info 31   [20:30:30.719] Finishing updateGraphWorker: Project: /Users/thanhnguyen/PaDPoReact/stop-watch-app/tsconfig.json Version: 5 structureChanged: false structureIsReused:: Completely Elapsed: 9.789883002638817ms
Info 32   [20:30:30.719] Different program with same set of files
Info 33   [20:30:32.601] Starting updateGraphWorker: Project: /Users/thanhnguyen/PaDPoReact/stop-watch-app/tsconfig.json
Info 34   [20:30:32.609] Finishing updateGraphWorker: Project: /Users/thanhnguyen/PaDPoReact/stop-watch-app/tsconfig.json Version: 6 structureChanged: false structureIsReused:: Completely Elapsed: 7.902066998183727ms
Info 35   [20:30:32.609] Different program with same set of files
Info 36   [20:30:33.542] Starting updateGraphWorker: Project: /Users/thanhnguyen/PaDPoReact/stop-watch-app/tsconfig.json
Info 37   [20:30:33.550] Finishing updateGraphWorker: Project: /Users/thanhnguyen/PaDPoReact/stop-watch-app/tsconfig.json Version: 7 structureChanged: false structureIsReused:: Completely Elapsed: 8.241810999810696ms
Info 38   [20:30:33.550] Different program with same set of files
Info 39   [20:30:34.423] Starting updateGraphWorker: Project: /Users/thanhnguyen/PaDPoReact/stop-watch-app/tsconfig.json
Info 40   [20:30:34.430] Finishing updateGraphWorker: Project: /Users/thanhnguyen/PaDPoReact/stop-watch-app/tsconfig.json Version: 8 structureChanged: false structureIsReused:: Completely Elapsed: 6.875271998345852ms
Info 41   [20:30:34.430] Different program with same set of files
Info 42   [20:30:35.139] Starting updateGraphWorker: Project: /Users/thanhnguyen/PaDPoReact/stop-watch-app/tsconfig.json
Info 43   [20:30:35.147] Finishing updateGraphWorker: Project: /Users/thanhnguyen/PaDPoReact/stop-watch-app/tsconfig.json Version: 9 structureChanged: false structureIsReused:: Completely Elapsed: 8.340167999267578ms
Info 44   [20:30:35.147] Different program with same set of files
Info 45   [21:01:38.971] Starting updateGraphWorker: Project: /Users/thanhnguyen/PaDPoReact/stop-watch-app/tsconfig.json
Info 46   [21:01:38.981] Finishing updateGraphWorker: Project: /Users/thanhnguyen/PaDPoReact/stop-watch-app/tsconfig.json Version: 10 structureChanged: false structureIsReused:: Completely Elapsed: 9.341082997620106ms
Info 47   [21:01:38.981] Different program with same set of files
Info 48   [21:01:39.454] Starting updateGraphWorker: Project: /Users/thanhnguyen/PaDPoReact/stop-watch-app/tsconfig.json
Info 49   [21:01:39.463] Finishing updateGraphWorker: Project: /Users/thanhnguyen/PaDPoReact/stop-watch-app/tsconfig.json Version: 11 structureChanged: false structureIsReused:: Completely Elapsed: 8.803681999444962ms
Info 50   [21:01:39.463] Different program with same set of files
Info 51   [21:01:40.989] Starting updateGraphWorker: Project: /Users/thanhnguyen/PaDPoReact/stop-watch-app/tsconfig.json
Info 52   [21:01:40.996] Finishing updateGraphWorker: Project: /Users/thanhnguyen/PaDPoReact/stop-watch-app/tsconfig.json Version: 12 structureChanged: false structureIsReused:: Completely Elapsed: 6.78345499932766ms
Info 53   [21:01:40.996] Different program with same set of files
Info 54   [21:01:42.092] Starting updateGraphWorker: Project: /Users/thanhnguyen/PaDPoReact/stop-watch-app/tsconfig.json
Info 55   [21:01:42.099] Finishing updateGraphWorker: Project: /Users/thanhnguyen/PaDPoReact/stop-watch-app/tsconfig.json Version: 13 structureChanged: false structureIsReused:: Completely Elapsed: 7.066515997052193ms
Info 56   [21:01:42.099] Different program with same set of files
Info 57   [21:01:44.229] Starting updateGraphWorker: Project: /Users/thanhnguyen/PaDPoReact/stop-watch-app/tsconfig.json
Info 58   [21:01:44.235] Finishing updateGraphWorker: Project: /Users/thanhnguyen/PaDPoReact/stop-watch-app/tsconfig.json Version: 14 structureChanged: false structureIsReused:: Completely Elapsed: 6.319338001310825ms
Info 59   [21:01:44.235] Different program with same set of files
Info 60   [21:01:45.316] Starting updateGraphWorker: Project: /Users/thanhnguyen/PaDPoReact/stop-watch-app/tsconfig.json
Info 61   [21:01:45.325] Finishing updateGraphWorker: Project: /Users/thanhnguyen/PaDPoReact/stop-watch-app/tsconfig.json Version: 15 structureChanged: false structureIsReused:: Completely Elapsed: 9.53422099351883ms
Info 62   [21:01:45.325] Different program with same set of files
